<testsuites id="" name="" tests="10" failures="0" skipped="0" errors="0" time="60.423226">
<testsuite name="comprehensive-sales.spec.ts" timestamp="2026-07-22T18:57:48.900Z" hostname="chromium" tests="1" failures="0" skipped="0" time="13.667" errors="0">
<testcase name="Comprehensive Sales Trip E2E › multi-bill trip is traceable and blocked by the verification gate" classname="comprehensive-sales.spec.ts" time="13.667">
<system-out>
<![CDATA[
[[ATTACHMENT|artifacts\comprehensive-sales-Compre-71aeb-ed-by-the-verification-gate-chromium\test-finished-1.png]]
]]>
</system-out>
</testcase>
</testsuite>
<testsuite name="uat-full-loop.spec.ts" timestamp="2026-07-22T18:57:48.900Z" hostname="chromium" tests="5" failures="0" skipped="0" time="34.802" errors="0">
<testcase name="UAT Full Loop E2E › 1. SALES creates a traceable SO draft" classname="uat-full-loop.spec.ts" time="6.787">
<system-out>
<![CDATA[
[[ATTACHMENT|artifacts\uat-full-loop-UAT-Full-Loo-4d721-reates-a-traceable-SO-draft-chromium\test-finished-1.png]]
]]>
</system-out>
</testcase>
<testcase name="UAT Full Loop E2E › 2. MANAGER verifies and ADMIN confirms the SO" classname="uat-full-loop.spec.ts" time="7.123">
<system-out>
<![CDATA[
[[ATTACHMENT|artifacts\uat-full-loop-UAT-Full-Loo-e594d-s-and-ADMIN-confirms-the-SO-chromium\test-finished-1.png]]
]]>
</system-out>
</testcase>
<testcase name="UAT Full Loop E2E › 3. COUNTER SALES sees the real TruckScale health state" classname="uat-full-loop.spec.ts" time="2.255">
<system-out>
<![CDATA[
[[ATTACHMENT|artifacts\uat-full-loop-UAT-Full-Loo-29cb0-eal-TruckScale-health-state-chromium\test-finished-1.png]]
]]>
</system-out>
<system-err>
<![CDATA[[browser:console] Failed to load resource: the server responded with a status of 500 (Internal Server Error)
[browser:console] Failed to load resource: the server responded with a status of 500 (Internal Server Error)
]]>
</system-err>
</testcase>
<testcase name="UAT Full Loop E2E › 4. WAREHOUSE picks, loads and ships the SO" classname="uat-full-loop.spec.ts" time="15.814">
<system-out>
<![CDATA[
[[ATTACHMENT|artifacts\uat-full-loop-UAT-Full-Loo-d38a5-icks-loads-and-ships-the-SO-chromium\test-finished-1.png]]
]]>
</system-out>
</testcase>
<testcase name="UAT Full Loop E2E › 5. ADMIN verifies SHIPPED state and audit trail in Paper Trail" classname="uat-full-loop.spec.ts" time="2.823">
<system-out>
<![CDATA[
[[ATTACHMENT|artifacts\uat-full-loop-UAT-Full-Loo-26b9a--audit-trail-in-Paper-Trail-chromium\test-finished-1.png]]
]]>
</system-out>
</testcase>
</testsuite>
<testsuite name="workflow.spec.ts" timestamp="2026-07-22T18:57:48.900Z" hostname="chromium" tests="4" failures="0" skipped="0" time="10.061" errors="0">
<testcase name="WS-Sale-App V1.0 role navigation › ADMIN can login, use Access As and return to ADMIN" classname="workflow.spec.ts" time="2.218">
<system-out>
<![CDATA[
[[ATTACHMENT|artifacts\workflow-WS-Sale-App-V1-0--8b979-cess-As-and-return-to-ADMIN-chromium\test-finished-1.png]]
]]>
</system-out>
</testcase>
<testcase name="WS-Sale-App V1.0 role navigation › SALES can access Quotation" classname="workflow.spec.ts" time="1.47">
<system-out>
<![CDATA[
[[ATTACHMENT|artifacts\workflow-WS-Sale-App-V1-0--c0537--SALES-can-access-Quotation-chromium\test-finished-1.png]]
]]>
</system-out>
</testcase>
<testcase name="WS-Sale-App V1.0 role navigation › COUNTER_SALES can access TruckScale with explicit health" classname="workflow.spec.ts" time="1.998">
<system-out>
<![CDATA[
[[ATTACHMENT|artifacts\workflow-WS-Sale-App-V1-0--fb082-kScale-with-explicit-health-chromium\test-finished-1.png]]
]]>
</system-out>
<system-err>
<![CDATA[[browser:console] Failed to load resource: the server responded with a status of 500 (Internal Server Error)
[browser:console] Failed to load resource: the server responded with a status of 500 (Internal Server Error)
]]>
</system-err>
</testcase>
<testcase name="WS-Sale-App V1.0 role navigation › WAREHOUSE can access loading and scale queues" classname="workflow.spec.ts" time="4.375">
<system-out>
<![CDATA[
[[ATTACHMENT|artifacts\workflow-WS-Sale-App-V1-0--0d684-ss-loading-and-scale-queues-chromium\test-finished-1.png]]
]]>
</system-out>
</testcase>
</testsuite>
</testsuites>