<testsuites id="" name="" tests="5" failures="0" skipped="0" errors="0" time="53.792144">
<testsuite name="uat-full-loop.spec.ts" timestamp="2026-07-22T11:52:40.978Z" hostname="chromium" tests="5" failures="0" skipped="0" time="51.539" errors="0">
<testcase name="UAT Full Loop E2E › 1. SALES creates a traceable SO draft" classname="uat-full-loop.spec.ts" time="10.316">
<system-out>
<![CDATA[
[[ATTACHMENT|artifacts\uat-full-loop-UAT-Full-Loo-4d721-reates-a-traceable-SO-draft-chromium\test-finished-1.png]]
]]>
</system-out>
</testcase>
<testcase name="UAT Full Loop E2E › 2. MANAGER verifies and ADMIN confirms the SO" classname="uat-full-loop.spec.ts" time="11.459">
<system-out>
<![CDATA[
[[ATTACHMENT|artifacts\uat-full-loop-UAT-Full-Loo-e594d-s-and-ADMIN-confirms-the-SO-chromium\test-finished-1.png]]
]]>
</system-out>
</testcase>
<testcase name="UAT Full Loop E2E › 3. COUNTER SALES sees the real TruckScale health state" classname="uat-full-loop.spec.ts" time="2.565">
<system-out>
<![CDATA[
[[ATTACHMENT|artifacts\uat-full-loop-UAT-Full-Loo-29cb0-eal-TruckScale-health-state-chromium\test-finished-1.png]]
]]>
</system-out>
</testcase>
<testcase name="UAT Full Loop E2E › 4. WAREHOUSE picks, loads and ships the SO" classname="uat-full-loop.spec.ts" time="23.136">
<system-out>
<![CDATA[
[[ATTACHMENT|artifacts\uat-full-loop-UAT-Full-Loo-d38a5-icks-loads-and-ships-the-SO-chromium\test-finished-1.png]]
]]>
</system-out>
</testcase>
<testcase name="UAT Full Loop E2E › 5. ADMIN verifies SHIPPED state and audit trail in Paper Trail" classname="uat-full-loop.spec.ts" time="4.063">
<system-out>
<![CDATA[
[[ATTACHMENT|artifacts\uat-full-loop-UAT-Full-Loo-26b9a--audit-trail-in-Paper-Trail-chromium\test-finished-1.png]]
]]>
</system-out>
</testcase>
</testsuite>
</testsuites>